<?xml version="1.0" encoding="UTF-8"?>
<testng-results ignored="0" total="1" passed="1" failed="0" skipped="0">
  <reporter-output>
  </reporter-output>
  <suite started-at="2025-05-29T12:49:25 IST" name="Suite" finished-at="2025-05-29T12:49:25 IST" duration-ms="101">
    <groups>
      <group name="smoke">
        <method signature="SmokeTest.createContactTest()[pri:0, instance:TestNgExecution.SmokeTest@49049a04]" name="createContactTest" class="TestNgExecution.SmokeTest"/>
      </group> <!-- smoke -->
    </groups>
    <test started-at="2025-05-29T12:49:25 IST" name="Test" finished-at="2025-05-29T12:49:25 IST" duration-ms="101">
      <class name="TestNgExecution.SmokeTest">
        <test-method signature="createContactTest()[pri:0, instance:TestNgExecution.SmokeTest@49049a04]" started-at="2025-05-29T12:49:25 IST" name="createContactTest" finished-at="2025-05-29T12:49:25 IST" duration-ms="13" status="PASS">
          <reporter-output>
          </reporter-output>
        </test-method> <!-- createContactTest -->
      </class> <!-- TestNgExecution.SmokeTest -->
    </test> <!-- Test -->
  </suite> <!-- Suite -->
</testng-results>
