<?xml version="1.0" encoding="UTF-8"?>
<!-- Generated by org.testng.reporters.JUnitXMLReporter -->
<testsuite ignored="1" hostname="DESKTOP-FSPI9LS" failures="0" tests="1" name="Test" time="0.101" errors="0" timestamp="2025-05-29T12:49:25 IST">
  <testcase classname="TestNgExecution.SmokeTest" name="createContactTest" time="0.013"/>
  <testcase classname="TestNgExecution.SmokeTest" name="modifyContactTest" time="0.0">
    <ignored/>
  </testcase> <!-- modifyContactTest -->
</testsuite> <!-- Test -->
